<?xml version="1.0" encoding="UTF-8"?>
<!-- Generated by org.testng.reporters.JUnitReportReporter -->
<testsuite skipped="0" hostname="EG5CD9208G2L" name="testCases.AllTestCases" tests="3" failures="0" timestamp="2020-09-18T10:28:52 EET" time="34.602" errors="0">
  <testcase name="NewRegistration" time="13.448" classname="testCases.AllTestCases"/>
  <testcase name="successfulLogin" time="11.601" classname="testCases.AllTestCases"/>
  <testcase name="InvalidLogin" time="9.553" classname="testCases.AllTestCases"/>
</testsuite> <!-- testCases.AllTestCases -->
