<?xml version="1.0" encoding="UTF-8"?>
<!-- Generated by org.testng.reporters.JUnitReportReporter -->
<testsuite skipped="0" hostname="EG5CD9208G2L" name="testCases.ValidLoginTest" tests="1" failures="0" timestamp="2020-09-18T10:28:52 EET" time="7.534" errors="0">
  <testcase name="successfulLogin" time="7.534" classname="testCases.ValidLoginTest"/>
</testsuite> <!-- testCases.ValidLoginTest -->
